This is pdfTeX, Version 3.14159265-2.6-1.40.20 (TeX Live 2019/Debian) (preloaded format=pdflatex 2021.1.9)  8 MAY 2021 21:38
entering extended mode
 restricted \write18 enabled.
 %&-line parsing enabled.
**urbaniakCVacademic.tex
(./urbaniakCVacademic.tex
LaTeX2e <2020-02-02> patch level 2
L3 programming layer <2020-02-14>
(/usr/share/texlive/texmf-dist/tex/latex/base/article.cls
Document Class: article 2019/12/20 v1.4l Standard LaTeX document class
(/usr/share/texlive/texmf-dist/tex/latex/base/size10.clo
File: size10.clo 2019/12/20 v1.4l Standard LaTeX file (size option)
)
\c@part=\count167
\c@section=\count168
\c@subsection=\count169
\c@subsubsection=\count170
\c@paragraph=\count171
\c@subparagraph=\count172
\c@figure=\count173
\c@table=\count174
\abovecaptionskip=\skip47
\belowcaptionskip=\skip48
\bibindent=\dimen134
)
(/usr/share/texlive/texmf-dist/tex/latex/natbib/natbib.sty
Package: natbib 2010/09/13 8.31b (PWD, AO)
\bibhang=\skip49
\bibsep=\skip50
LaTeX Info: Redefining \cite on input line 694.
\c@NAT@ctr=\count175
)
(/usr/share/texlive/texmf-dist/tex/latex/geometry/geometry.sty
Package: geometry 2020/01/02 v5.9 Page Geometry

(/usr/share/texlive/texmf-dist/tex/latex/graphics/keyval.sty
Package: keyval 2014/10/28 v1.15 key=value parser (DPC)
\KV@toks@=\toks14
)
(/usr/share/texlive/texmf-dist/tex/generic/iftex/ifvtex.sty
Package: ifvtex 2019/10/25 v1.7 ifvtex legacy package. Use iftex instead.

(/usr/share/texlive/texmf-dist/tex/generic/iftex/iftex.sty
Package: iftex 2019/11/07 v1.0c TeX engine tests
))
\Gm@cnth=\count176
\Gm@cntv=\count177
\c@Gm@tempcnt=\count178
\Gm@bindingoffset=\dimen135
\Gm@wd@mp=\dimen136
\Gm@odd@mp=\dimen137
\Gm@even@mp=\dimen138
\Gm@layoutwidth=\dimen139
\Gm@layoutheight=\dimen140
\Gm@layouthoffset=\dimen141
\Gm@layoutvoffset=\dimen142
\Gm@dimlist=\toks15
)
(/usr/share/texlive/texmf-dist/tex/latex/marginnote/marginnote.sty
Package: marginnote 2018/08/09 v1.4b non floating margin notes for LaTeX
\c@mn@abspage=\count179
)
(/usr/share/texlive/texmf-dist/tex/latex/sectsty/sectsty.sty
Package: sectsty 2002/02/25 v2.0.2 Commands to change all sectional heading sty
les


LaTeX Warning: Command \underbar  has changed.
               Check if current package is valid.


LaTeX Warning: Command \underline  has changed.
               Check if current package is valid.

) (/usr/share/texlive/texmf-dist/tex/latex/kpfonts/kpfonts.sty
Package: kpfonts  2010/08/20 v3.31

(/usr/share/texlive/texmf-dist/tex/latex/base/textcomp.sty
Package: textcomp 2020/02/02 v2.0n Standard LaTeX package
LaTeX Font Info:    Changing ? sub-encoding to TS1/0 on input line 75.
)
(/usr/share/texlive/texmf-dist/tex/latex/amsmath/amsmath.sty
Package: amsmath 2020/01/20 v2.17e AMS math features
\@mathmargin=\skip51

For additional information on amsmath, use the `?' option.
(/usr/share/texlive/texmf-dist/tex/latex/amsmath/amstext.sty
Package: amstext 2000/06/29 v2.01 AMS text

(/usr/share/texlive/texmf-dist/tex/latex/amsmath/amsgen.sty
File: amsgen.sty 1999/11/30 v2.0 generic functions
\@emptytoks=\toks16
\ex@=\dimen143
))
(/usr/share/texlive/texmf-dist/tex/latex/amsmath/amsbsy.sty
Package: amsbsy 1999/11/29 v1.2d Bold Symbols
\pmbraise@=\dimen144
)
(/usr/share/texlive/texmf-dist/tex/latex/amsmath/amsopn.sty
Package: amsopn 2016/03/08 v2.02 operator names
)
\inf@bad=\count180
LaTeX Info: Redefining \frac on input line 227.
\uproot@=\count181
\leftroot@=\count182
LaTeX Info: Redefining \overline on input line 389.
\classnum@=\count183
\DOTSCASE@=\count184
LaTeX Info: Redefining \ldots on input line 486.
LaTeX Info: Redefining \dots on input line 489.
LaTeX Info: Redefining \cdots on input line 610.
\Mathstrutbox@=\box45
\strutbox@=\box46
\big@size=\dimen145
LaTeX Font Info:    Redeclaring font encoding OML on input line 733.
LaTeX Font Info:    Redeclaring font encoding OMS on input line 734.
\macc@depth=\count185
\c@MaxMatrixCols=\count186
\dotsspace@=\muskip16
\c@parentequation=\count187
\dspbrk@lvl=\count188
\tag@help=\toks17
\row@=\count189
\column@=\count190
\maxfields@=\count191
\andhelp@=\toks18
\eqnshift@=\dimen146
\alignsep@=\dimen147
\tagshift@=\dimen148
\tagwidth@=\dimen149
\totwidth@=\dimen150
\lineht@=\dimen151
\@envbody=\toks19
\multlinegap=\skip52
\multlinetaggap=\skip53
\mathdisplay@stack=\toks20
LaTeX Info: Redefining \[ on input line 2859.
LaTeX Info: Redefining \] on input line 2860.
)
\c@mv@rm=\count192
\c@mv@boldrm=\count193
\c@mv@sf=\count194
\c@mv@boldsf=\count195
LaTeX Font Info:    Redeclaring symbol font `operators' on input line 354.
LaTeX Font Info:    Overwriting symbol font `operators' in version `normal'
(Font)                  OT1/cmr/m/n --> OT1/jkp/m/n on input line 354.
LaTeX Font Info:    Overwriting symbol font `operators' in version `bold'
(Font)                  OT1/cmr/bx/n --> OT1/jkp/m/n on input line 354.
LaTeX Font Info:    Overwriting symbol font `operators' in version `rm'
(Font)                  OT1/cmr/m/n --> OT1/jkp/m/n on input line 354.
LaTeX Font Info:    Overwriting symbol font `operators' in version `boldrm'
(Font)                  OT1/cmr/m/n --> OT1/jkp/m/n on input line 354.
LaTeX Font Info:    Overwriting symbol font `operators' in version `sf'
(Font)                  OT1/cmr/m/n --> OT1/jkp/m/n on input line 354.
LaTeX Font Info:    Overwriting symbol font `operators' in version `boldsf'
(Font)                  OT1/cmr/m/n --> OT1/jkp/m/n on input line 354.
LaTeX Font Info:    Overwriting symbol font `operators' in version `bold'
(Font)                  OT1/jkp/m/n --> OT1/jkp/b/n on input line 355.
LaTeX Font Info:    Overwriting symbol font `operators' in version `rm'
(Font)                  OT1/jkp/m/n --> OT1/jkp/m/n on input line 357.
LaTeX Font Info:    Overwriting symbol font `operators' in version `boldrm'
(Font)                  OT1/jkp/m/n --> OT1/jkp/b/n on input line 358.
LaTeX Font Info:    Overwriting symbol font `operators' in version `sf'
(Font)                  OT1/jkp/m/n --> OT1/jkpss/m/n on input line 359.
LaTeX Font Info:    Overwriting symbol font `operators' in version `boldsf'
(Font)                  OT1/jkp/m/n --> OT1/jkpss/b/n on input line 360.
LaTeX Font Info:    Redeclaring math alphabet \mathrm on input line 364.
LaTeX Font Info:    Overwriting math alphabet `\mathrm' in version `bold'
(Font)                  OT1/jkp/m/n --> OT1/jkp/b/n on input line 365.
LaTeX Font Info:    Overwriting math alphabet `\mathrm' in version `rm'
(Font)                  OT1/jkp/m/n --> OT1/jkp/m/n on input line 366.
LaTeX Font Info:    Overwriting math alphabet `\mathrm' in version `boldrm'
(Font)                  OT1/jkp/m/n --> OT1/jkp/b/n on input line 367.
LaTeX Font Info:    Overwriting math alphabet `\mathrm' in version `sf'
(Font)                  OT1/jkp/m/n --> OT1/jkp/m/n on input line 368.
LaTeX Font Info:    Overwriting math alphabet `\mathrm' in version `boldsf'
(Font)                  OT1/jkp/m/n --> OT1/jkp/b/n on input line 369.
LaTeX Font Info:    Redeclaring math alphabet \mathbf on input line 378.
LaTeX Font Info:    Overwriting math alphabet `\mathbf' in version `normal'
(Font)                  OT1/cmr/bx/n --> OT1/jkp/b/n on input line 378.
LaTeX Font Info:    Overwriting math alphabet `\mathbf' in version `bold'
(Font)                  OT1/cmr/bx/n --> OT1/jkp/b/n on input line 378.
LaTeX Font Info:    Overwriting math alphabet `\mathbf' in version `rm'
(Font)                  OT1/cmr/bx/n --> OT1/jkp/b/n on input line 378.
LaTeX Font Info:    Overwriting math alphabet `\mathbf' in version `boldrm'
(Font)                  OT1/cmr/bx/n --> OT1/jkp/b/n on input line 378.
LaTeX Font Info:    Overwriting math alphabet `\mathbf' in version `sf'
(Font)                  OT1/cmr/bx/n --> OT1/jkp/b/n on input line 378.
LaTeX Font Info:    Overwriting math alphabet `\mathbf' in version `boldsf'
(Font)                  OT1/cmr/bx/n --> OT1/jkp/b/n on input line 378.
LaTeX Font Info:    Overwriting math alphabet `\mathbf' in version `bold'
(Font)                  OT1/jkp/b/n --> OT1/jkp/b/n on input line 379.
LaTeX Font Info:    Overwriting math alphabet `\mathbf' in version `rm'
(Font)                  OT1/jkp/b/n --> OT1/jkp/b/n on input line 381.
LaTeX Font Info:    Overwriting math alphabet `\mathbf' in version `boldrm'
(Font)                  OT1/jkp/b/n --> OT1/jkp/b/n on input line 382.
LaTeX Font Info:    Overwriting math alphabet `\mathbf' in version `sf'
(Font)                  OT1/jkp/b/n --> OT1/jkpss/b/n on input line 383.
LaTeX Font Info:    Overwriting math alphabet `\mathbf' in version `boldsf'
(Font)                  OT1/jkp/b/n --> OT1/jkpss/b/n on input line 384.
LaTeX Font Info:    Redeclaring math alphabet \mathit on input line 390.
LaTeX Font Info:    Overwriting math alphabet `\mathit' in version `normal'
(Font)                  OT1/cmr/m/it --> OT1/jkp/m/it on input line 390.
LaTeX Font Info:    Overwriting math alphabet `\mathit' in version `bold'
(Font)                  OT1/cmr/bx/it --> OT1/jkp/m/it on input line 390.
LaTeX Font Info:    Overwriting math alphabet `\mathit' in version `rm'
(Font)                  OT1/cmr/m/it --> OT1/jkp/m/it on input line 390.
LaTeX Font Info:    Overwriting math alphabet `\mathit' in version `boldrm'
(Font)                  OT1/cmr/m/it --> OT1/jkp/m/it on input line 390.
LaTeX Font Info:    Overwriting math alphabet `\mathit' in version `sf'
(Font)                  OT1/cmr/m/it --> OT1/jkp/m/it on input line 390.
LaTeX Font Info:    Overwriting math alphabet `\mathit' in version `boldsf'
(Font)                  OT1/cmr/m/it --> OT1/jkp/m/it on input line 390.
LaTeX Font Info:    Overwriting math alphabet `\mathit' in version `bold'
(Font)                  OT1/jkp/m/it --> OT1/jkp/b/it on input line 391.
LaTeX Font Info:    Overwriting math alphabet `\mathit' in version `rm'
(Font)                  OT1/jkp/m/it --> OT1/jkp/m/it on input line 393.
LaTeX Font Info:    Overwriting math alphabet `\mathit' in version `boldrm'
(Font)                  OT1/jkp/m/it --> OT1/jkp/b/it on input line 394.
LaTeX Font Info:    Overwriting math alphabet `\mathit' in version `sf'
(Font)                  OT1/jkp/m/it --> OT1/jkpss/m/it on input line 395.
LaTeX Font Info:    Overwriting math alphabet `\mathit' in version `boldsf'
(Font)                  OT1/jkp/m/it --> OT1/jkpss/b/it on input line 396.
LaTeX Font Info:    Redeclaring math alphabet \mathsf on input line 401.
LaTeX Font Info:    Overwriting math alphabet `\mathsf' in version `normal'
(Font)                  OT1/cmss/m/n --> OT1/jkpss/m/n on input line 401.
LaTeX Font Info:    Overwriting math alphabet `\mathsf' in version `bold'
(Font)                  OT1/cmss/bx/n --> OT1/jkpss/m/n on input line 401.
LaTeX Font Info:    Overwriting math alphabet `\mathsf' in version `rm'
(Font)                  OT1/cmss/m/n --> OT1/jkpss/m/n on input line 401.
LaTeX Font Info:    Overwriting math alphabet `\mathsf' in version `boldrm'
(Font)                  OT1/cmss/m/n --> OT1/jkpss/m/n on input line 401.
LaTeX Font Info:    Overwriting math alphabet `\mathsf' in version `sf'
(Font)                  OT1/cmss/m/n --> OT1/jkpss/m/n on input line 401.
LaTeX Font Info:    Overwriting math alphabet `\mathsf' in version `boldsf'
(Font)                  OT1/cmss/m/n --> OT1/jkpss/m/n on input line 401.
LaTeX Font Info:    Overwriting math alphabet `\mathsf' in version `bold'
(Font)                  OT1/jkpss/m/n --> OT1/jkpss/b/n on input line 402.
LaTeX Font Info:    Overwriting math alphabet `\mathsf' in version `rm'
(Font)                  OT1/jkpss/m/n --> OT1/jkpss/m/n on input line 403.
LaTeX Font Info:    Overwriting math alphabet `\mathsf' in version `boldrm'
(Font)                  OT1/jkpss/m/n --> OT1/jkpss/b/n on input line 404.
LaTeX Font Info:    Overwriting math alphabet `\mathsf' in version `sf'
(Font)                  OT1/jkpss/m/n --> OT1/jkpss/m/n on input line 405.
LaTeX Font Info:    Overwriting math alphabet `\mathsf' in version `boldsf'
(Font)                  OT1/jkpss/m/n --> OT1/jkpss/b/n on input line 406.
LaTeX Font Info:    Redeclaring math alphabet \mathtt on input line 410.
LaTeX Font Info:    Overwriting math alphabet `\mathtt' in version `normal'
(Font)                  OT1/cmtt/m/n --> OT1/jkptt/m/n on input line 410.
LaTeX Font Info:    Overwriting math alphabet `\mathtt' in version `bold'
(Font)                  OT1/cmtt/m/n --> OT1/jkptt/m/n on input line 410.
LaTeX Font Info:    Overwriting math alphabet `\mathtt' in version `rm'
(Font)                  OT1/cmtt/m/n --> OT1/jkptt/m/n on input line 410.
LaTeX Font Info:    Overwriting math alphabet `\mathtt' in version `boldrm'
(Font)                  OT1/cmtt/m/n --> OT1/jkptt/m/n on input line 410.
LaTeX Font Info:    Overwriting math alphabet `\mathtt' in version `sf'
(Font)                  OT1/cmtt/m/n --> OT1/jkptt/m/n on input line 410.
LaTeX Font Info:    Overwriting math alphabet `\mathtt' in version `boldsf'
(Font)                  OT1/cmtt/m/n --> OT1/jkptt/m/n on input line 410.
LaTeX Font Info:    Overwriting math alphabet `\mathtt' in version `bold'
(Font)                  OT1/jkptt/m/n --> OT1/jkptt/b/n on input line 411.
LaTeX Font Info:    Overwriting math alphabet `\mathtt' in version `rm'
(Font)                  OT1/jkptt/m/n --> OT1/jkptt/m/n on input line 412.
LaTeX Font Info:    Overwriting math alphabet `\mathtt' in version `boldrm'
(Font)                  OT1/jkptt/m/n --> OT1/jkptt/b/n on input line 413.
LaTeX Font Info:    Overwriting math alphabet `\mathtt' in version `sf'
(Font)                  OT1/jkptt/m/n --> OT1/jkptt/m/n on input line 414.
LaTeX Font Info:    Overwriting math alphabet `\mathtt' in version `boldsf'
(Font)                  OT1/jkptt/m/n --> OT1/jkptt/b/n on input line 415.
LaTeX Font Info:    Redeclaring symbol font `letters' on input line 423.
LaTeX Font Info:    Overwriting symbol font `letters' in version `normal'
(Font)                  OML/cmm/m/it --> OML/jkp/m/it on input line 423.
LaTeX Font Info:    Overwriting symbol font `letters' in version `bold'
(Font)                  OML/cmm/b/it --> OML/jkp/m/it on input line 423.
LaTeX Font Info:    Overwriting symbol font `letters' in version `rm'
(Font)                  OML/cmm/m/it --> OML/jkp/m/it on input line 423.
LaTeX Font Info:    Overwriting symbol font `letters' in version `boldrm'
(Font)                  OML/cmm/m/it --> OML/jkp/m/it on input line 423.
LaTeX Font Info:    Overwriting symbol font `letters' in version `sf'
(Font)                  OML/cmm/m/it --> OML/jkp/m/it on input line 423.
LaTeX Font Info:    Overwriting symbol font `letters' in version `boldsf'
(Font)                  OML/cmm/m/it --> OML/jkp/m/it on input line 423.
LaTeX Font Info:    Overwriting symbol font `letters' in version `bold'
(Font)                  OML/jkp/m/it --> OML/jkp/bx/it on input line 424.
LaTeX Font Info:    Overwriting symbol font `letters' in version `rm'
(Font)                  OML/jkp/m/it --> OML/jkp/m/it on input line 426.
LaTeX Font Info:    Overwriting symbol font `letters' in version `boldrm'
(Font)                  OML/jkp/m/it --> OML/jkp/bx/it on input line 427.
LaTeX Font Info:    Overwriting symbol font `letters' in version `sf'
(Font)                  OML/jkp/m/it --> OML/jkpss/m/it on input line 428.
LaTeX Font Info:    Overwriting symbol font `letters' in version `boldsf'
(Font)                  OML/jkp/m/it --> OML/jkpss/bx/it on input line 429.
\symlettersA=\mathgroup4
LaTeX Font Info:    Overwriting symbol font `lettersA' in version `bold'
(Font)                  U/jkpmia/m/it --> U/jkpmia/bx/it on input line 439.
LaTeX Font Info:    Overwriting symbol font `lettersA' in version `rm'
(Font)                  U/jkpmia/m/it --> U/jkpmia/m/it on input line 441.
LaTeX Font Info:    Overwriting symbol font `lettersA' in version `boldrm'
(Font)                  U/jkpmia/m/it --> U/jkpmia/bx/it on input line 442.
LaTeX Font Info:    Overwriting symbol font `lettersA' in version `sf'
(Font)                  U/jkpmia/m/it --> U/jkpssmia/m/it on input line 443.
LaTeX Font Info:    Overwriting symbol font `lettersA' in version `boldsf'
(Font)                  U/jkpmia/m/it --> U/jkpssmia/bx/it on input line 444.
LaTeX Font Info:    Redeclaring symbol font `symbols' on input line 456.
LaTeX Font Info:    Overwriting symbol font `symbols' in version `normal'
(Font)                  OMS/cmsy/m/n --> OMS/jkp/m/n on input line 456.
LaTeX Font Info:    Overwriting symbol font `symbols' in version `bold'
(Font)                  OMS/cmsy/b/n --> OMS/jkp/m/n on input line 456.
LaTeX Font Info:    Overwriting symbol font `symbols' in version `rm'
(Font)                  OMS/cmsy/m/n --> OMS/jkp/m/n on input line 456.
LaTeX Font Info:    Overwriting symbol font `symbols' in version `boldrm'
(Font)                  OMS/cmsy/m/n --> OMS/jkp/m/n on input line 456.
LaTeX Font Info:    Overwriting symbol font `symbols' in version `sf'
(Font)                  OMS/cmsy/m/n --> OMS/jkp/m/n on input line 456.
LaTeX Font Info:    Overwriting symbol font `symbols' in version `boldsf'
(Font)                  OMS/cmsy/m/n --> OMS/jkp/m/n on input line 456.
LaTeX Font Info:    Overwriting symbol font `symbols' in version `bold'
(Font)                  OMS/jkp/m/n --> OMS/jkp/bx/n on input line 457.
LaTeX Font Info:    Overwriting symbol font `symbols' in version `rm'
(Font)                  OMS/jkp/m/n --> OMS/jkp/m/n on input line 459.
LaTeX Font Info:    Overwriting symbol font `symbols' in version `boldrm'
(Font)                  OMS/jkp/m/n --> OMS/jkp/bx/n on input line 460.
LaTeX Font Info:    Overwriting symbol font `symbols' in version `sf'
(Font)                  OMS/jkp/m/n --> OMS/jkp/m/n on input line 461.
LaTeX Font Info:    Overwriting symbol font `symbols' in version `boldsf'
(Font)                  OMS/jkp/m/n --> OMS/jkp/bx/n on input line 462.
\symAMSa=\mathgroup5
LaTeX Font Info:    Overwriting symbol font `AMSa' in version `bold'
(Font)                  U/jkpsya/m/n --> U/jkpsya/bx/n on input line 476.
LaTeX Font Info:    Overwriting symbol font `AMSa' in version `rm'
(Font)                  U/jkpsya/m/n --> U/jkpsya/m/n on input line 477.
LaTeX Font Info:    Overwriting symbol font `AMSa' in version `boldrm'
(Font)                  U/jkpsya/m/n --> U/jkpsya/bx/n on input line 478.
LaTeX Font Info:    Overwriting symbol font `AMSa' in version `sf'
(Font)                  U/jkpsya/m/n --> U/jkpsya/m/n on input line 479.
LaTeX Font Info:    Overwriting symbol font `AMSa' in version `boldsf'
(Font)                  U/jkpsya/m/n --> U/jkpsya/bx/n on input line 480.
\symAMSb=\mathgroup6
LaTeX Font Info:    Overwriting symbol font `AMSb' in version `bold'
(Font)                  U/jkpsyb/m/n --> U/jkpsyb/bx/n on input line 529.
LaTeX Font Info:    Overwriting symbol font `AMSb' in version `rm'
(Font)                  U/jkpsyb/m/n --> U/jkpsyb/m/n on input line 530.
LaTeX Font Info:    Overwriting symbol font `AMSb' in version `boldrm'
(Font)                  U/jkpsyb/m/n --> U/jkpsyb/bx/n on input line 531.
LaTeX Font Info:    Overwriting symbol font `AMSb' in version `sf'
(Font)                  U/jkpsyb/m/n --> U/jkpsssyb/m/n on input line 532.
LaTeX Font Info:    Overwriting symbol font `AMSb' in version `boldsf'
(Font)                  U/jkpsyb/m/n --> U/jkpsssyb/bx/n on input line 533.
\symsymbolsC=\mathgroup7
LaTeX Font Info:    Overwriting symbol font `symbolsC' in version `bold'
(Font)                  U/jkpsyc/m/n --> U/jkpsyc/bx/n on input line 549.
LaTeX Font Info:    Overwriting symbol font `symbolsC' in version `rm'
(Font)                  U/jkpsyc/m/n --> U/jkpsyc/m/n on input line 551.
LaTeX Font Info:    Overwriting symbol font `symbolsC' in version `boldrm'
(Font)                  U/jkpsyc/m/n --> U/jkpsyc/bx/n on input line 552.
LaTeX Font Info:    Overwriting symbol font `symbolsC' in version `sf'
(Font)                  U/jkpsyc/m/n --> U/jkpsyc/m/n on input line 553.
LaTeX Font Info:    Overwriting symbol font `symbolsC' in version `boldsf'
(Font)                  U/jkpsyc/m/n --> U/jkpsyc/bx/n on input line 554.
LaTeX Font Info:    Overwriting math alphabet `\mathscr' in version `bold'
(Font)                  U/jkpsyd/m/n --> U/jkpsyd/bx/n on input line 583.
LaTeX Font Info:    Overwriting math alphabet `\mathscr' in version `rm'
(Font)                  U/jkpsyd/m/n --> U/jkpsyd/m/n on input line 585.
LaTeX Font Info:    Overwriting math alphabet `\mathscr' in version `boldrm'
(Font)                  U/jkpsyd/m/n --> U/jkpsyd/bx/n on input line 586.
LaTeX Font Info:    Overwriting math alphabet `\mathscr' in version `sf'
(Font)                  U/jkpsyd/m/n --> U/jkpsyd/m/n on input line 587.
LaTeX Font Info:    Overwriting math alphabet `\mathscr' in version `boldsf'
(Font)                  U/jkpsyd/m/n --> U/jkpsyd/bx/n on input line 588.
LaTeX Font Info:    Redeclaring symbol font `largesymbols' on input line 598.
LaTeX Font Info:    Overwriting symbol font `largesymbols' in version `normal'
(Font)                  OMX/cmex/m/n --> OMX/jkp/m/n on input line 598.
LaTeX Font Info:    Overwriting symbol font `largesymbols' in version `bold'
(Font)                  OMX/cmex/m/n --> OMX/jkp/m/n on input line 598.
LaTeX Font Info:    Overwriting symbol font `largesymbols' in version `rm'
(Font)                  OMX/cmex/m/n --> OMX/jkp/m/n on input line 598.
LaTeX Font Info:    Overwriting symbol font `largesymbols' in version `boldrm'
(Font)                  OMX/cmex/m/n --> OMX/jkp/m/n on input line 598.
LaTeX Font Info:    Overwriting symbol font `largesymbols' in version `sf'
(Font)                  OMX/cmex/m/n --> OMX/jkp/m/n on input line 598.
LaTeX Font Info:    Overwriting symbol font `largesymbols' in version `boldsf'
(Font)                  OMX/cmex/m/n --> OMX/jkp/m/n on input line 598.
LaTeX Font Info:    Overwriting symbol font `largesymbols' in version `bold'
(Font)                  OMX/jkp/m/n --> OMX/jkp/bx/n on input line 599.
LaTeX Font Info:    Overwriting symbol font `largesymbols' in version `rm'
(Font)                  OMX/jkp/m/n --> OMX/jkp/m/n on input line 601.
LaTeX Font Info:    Overwriting symbol font `largesymbols' in version `boldrm'
(Font)                  OMX/jkp/m/n --> OMX/jkp/bx/n on input line 602.
LaTeX Font Info:    Overwriting symbol font `largesymbols' in version `sf'
(Font)                  OMX/jkp/m/n --> OMX/jkpss/m/n on input line 603.
LaTeX Font Info:    Overwriting symbol font `largesymbols' in version `boldsf'
(Font)                  OMX/jkp/m/n --> OMX/jkpss/bx/n on input line 604.
\symlargesymbolsA=\mathgroup8
LaTeX Font Info:    Overwriting symbol font `largesymbolsA' in version `bold'
(Font)                  U/jkpexa/m/n --> U/jkpexa/bx/n on input line 615.
LaTeX Font Info:    Overwriting symbol font `largesymbolsA' in version `rm'
(Font)                  U/jkpexa/m/n --> U/jkpexa/m/n on input line 617.
LaTeX Font Info:    Overwriting symbol font `largesymbolsA' in version `boldrm'

(Font)                  U/jkpexa/m/n --> U/jkpexa/bx/n on input line 618.
LaTeX Font Info:    Overwriting symbol font `largesymbolsA' in version `sf'
(Font)                  U/jkpexa/m/n --> U/jkpexa/m/n on input line 619.
LaTeX Font Info:    Overwriting symbol font `largesymbolsA' in version `boldsf'

(Font)                  U/jkpexa/m/n --> U/jkpexa/bx/n on input line 620.
LaTeX Font Info:    Redeclaring math symbol \hbar on input line 940.
LaTeX Info: Redefining \not on input line 1580.
)
(/usr/share/texlive/texmf-dist/tex/latex/natbib/bibentry.sty
Package: bibentry 2007/10/30 1.5 (PWD)
)
(/usr/share/texlive/texmf-dist/tex/latex/url/url.sty
\Urlmuskip=\muskip17
Package: url 2013/09/16  ver 3.4  Verb mode for urls, etc.
)
(/usr/share/texlive/texmf-dist/tex/latex/l3backend/l3backend-pdfmode.def
File: l3backend-pdfmode.def 2020-02-03 L3 backend support: PDF mode
\l__kernel_color_stack_int=\count196
\l__pdf_internal_box=\box47
)
(./urbaniakCVacademic.aux)
\openout1 = `urbaniakCVacademic.aux'.

LaTeX Font Info:    Checking defaults for OML/jkp/m/it on input line 74.
LaTeX Font Info:    Trying to load font information for OML+jkp on input line 7
4.

(/usr/share/texlive/texmf-dist/tex/latex/kpfonts/omljkp.fd
File: omljkp.fd 2006/08/15 v1.0
)
LaTeX Font Info:    ... okay on input line 74.
LaTeX Font Info:    Checking defaults for OMS/jkp/m/n on input line 74.
LaTeX Font Info:    Trying to load font information for OMS+jkp on input line 7
4.

(/usr/share/texlive/texmf-dist/tex/latex/kpfonts/omsjkp.fd
File: omsjkp.fd 2006/08/15 v1.0
)
LaTeX Font Info:    ... okay on input line 74.
LaTeX Font Info:    Checking defaults for OT1/cmr/m/n on input line 74.
LaTeX Font Info:    ... okay on input line 74.
LaTeX Font Info:    Checking defaults for T1/cmr/m/n on input line 74.
LaTeX Font Info:    ... okay on input line 74.
LaTeX Font Info:    Checking defaults for TS1/cmr/m/n on input line 74.
LaTeX Font Info:    ... okay on input line 74.
LaTeX Font Info:    Checking defaults for OMX/jkp/m/n on input line 74.
LaTeX Font Info:    Trying to load font information for OMX+jkp on input line 7
4.

(/usr/share/texlive/texmf-dist/tex/latex/kpfonts/omxjkp.fd
File: omxjkp.fd 2006/08/15 v1.0
)
LaTeX Font Info:    ... okay on input line 74.
LaTeX Font Info:    Checking defaults for U/jkpexa/m/n on input line 74.
LaTeX Font Info:    Trying to load font information for U+jkpexa on input line 
74.

(/usr/share/texlive/texmf-dist/tex/latex/kpfonts/ujkpexa.fd
File: ujkpexa.fd 2006/08/15 v1.0
)
LaTeX Font Info:    ... okay on input line 74.
LaTeX Font Info:    Trying to load font information for OT1+jkp on input line 7
4.

(/usr/share/texlive/texmf-dist/tex/latex/kpfonts/ot1jkp.fd
File: ot1jkp.fd 2007/08/30 Fontinst v1.928 font definitions for OT1/jkp.
)
*geometry* driver: auto-detecting
*geometry* detected driver: pdftex
*geometry* verbose mode - [ preamble ] result:
* driver: pdftex
* paper: a4paper
* layout: <same size as paper>
* layoutoffset:(h,v)=(0.0pt,0.0pt)
* modes: 
* h-part:(L,W,R)=(85.35826pt, 455.24411pt, 56.9055pt)
* v-part:(T,H,B)=(42.67912pt, 745.46222pt, 56.9055pt)
* \paperwidth=597.50787pt
* \paperheight=845.04684pt
* \textwidth=455.24411pt
* \textheight=745.46222pt
* \oddsidemargin=13.08827pt
* \evensidemargin=13.08827pt
* \topmargin=-66.59087pt
* \headheight=12.0pt
* \headsep=25.0pt
* \topskip=10.0pt
* \footskip=30.0pt
* \marginparwidth=57.81621pt
* \marginparsep=7.0pt
* \columnsep=10.0pt
* \skip\footins=9.0pt plus 4.0pt minus 2.0pt
* \hoffset=0.0pt
* \voffset=0.0pt
* \mag=1000
* \@twocolumnfalse
* \@twosidefalse
* \@mparswitchfalse
* \@reversemargintrue
* (1in=72.27pt=25.4mm, 1cm=28.453pt)

(./urbaniakCVacademic.bbl)
Underfull \hbox (badness 10000) in paragraph at lines 126--127

 []

LaTeX Font Info:    Trying to load font information for U+jkpmia on input line 
145.
(/usr/share/texlive/texmf-dist/tex/latex/kpfonts/ujkpmia.fd
File: ujkpmia.fd 2006/08/15 v1.0
)
LaTeX Font Info:    Trying to load font information for U+jkpsya on input line 
145.

(/usr/share/texlive/texmf-dist/tex/latex/kpfonts/ujkpsya.fd
File: ujkpsya.fd 2006/08/15 v1.0
)
LaTeX Font Info:    Trying to load font information for U+jkpsyb on input line 
145.

(/usr/share/texlive/texmf-dist/tex/latex/kpfonts/ujkpsyb.fd
File: ujkpsyb.fd 2006/08/15 v1.0
)
LaTeX Font Info:    Trying to load font information for U+jkpsyc on input line 
145.

(/usr/share/texlive/texmf-dist/tex/latex/kpfonts/ujkpsyc.fd
File: ujkpsyc.fd 2006/08/15 v1.0
)
LaTeX Font Info:    Trying to load font information for OT1+jkptt on input line
 146.

(/usr/share/texlive/texmf-dist/tex/latex/kpfonts/ot1jkptt.fd
File: ot1jkptt.fd 2007/01/26 Fontinst v1.928 font definitions for OT1/jkptt.
)
Missing character: There is no Å in font jkpttmn7t!
Missing character: There is no ‚ in font jkpttmn7t!
Package marginnote Info: Margin note 1.1 is on absolute page 1 on input line 18
3.
Package marginnote Info: right page because not two side mode on input line 183
.
Package marginnote Info: xpos seems to be 85.35826pt on input line 183.
Package marginnote Info: Margin note 1.2 is on absolute page 1 on input line 18
7.
Package marginnote Info: right page because not two side mode on input line 187
.
Package marginnote Info: xpos seems to be 85.35826pt on input line 187.
Package marginnote Info: Margin note 1.3 is on absolute page 1 on input line 20
1.
Package marginnote Info: right page because not two side mode on input line 201
.
Package marginnote Info: xpos seems to be 85.35826pt on input line 201.
Package marginnote Info: Margin note 1.4 is on absolute page 1 on input line 20
6.
Package marginnote Info: right page because not two side mode on input line 206
.
Package marginnote Info: xpos seems to be 85.35826pt on input line 206.
Package marginnote Info: Margin note 1.5 is on absolute page 1 on input line 21
0.
Package marginnote Info: right page because not two side mode on input line 210
.
Package marginnote Info: xpos seems to be 85.35826pt on input line 210.
Package marginnote Info: Margin note 1.6 is on absolute page 1 on input line 21
8.
Package marginnote Info: right page because not two side mode on input line 218
.
Package marginnote Info: xpos seems to be 85.35826pt on input line 218.
Package marginnote Info: Margin note 1.7 is on absolute page 1 on input line 22
3.
Package marginnote Info: right page because not two side mode on input line 223
.
Package marginnote Info: xpos seems to be 85.35826pt on input line 223.
Package marginnote Info: Margin note 1.8 is on absolute page 1 on input line 22
8.
Package marginnote Info: right page because not two side mode on input line 228
.
Package marginnote Info: xpos seems to be 85.35826pt on input line 228.
Package marginnote Info: Margin note 1.9 is on absolute page 1 on input line 23
3.
Package marginnote Info: right page because not two side mode on input line 233
.
Package marginnote Info: xpos seems to be 85.35826pt on input line 233.
Package marginnote Info: Margin note 1.10 is on absolute page 1 on input line 2
38.
Package marginnote Info: right page because not two side mode on input line 238
.
Package marginnote Info: xpos seems to be 85.35826pt on input line 238.
Package marginnote Info: Margin note 1.11 is on absolute page 1 on input line 2
43.
Package marginnote Info: right page because not two side mode on input line 243
.
Package marginnote Info: xpos seems to be 85.35826pt on input line 243.
Package marginnote Info: Margin note 1.12 is on absolute page 1 on input line 2
48.
Package marginnote Info: right page because not two side mode on input line 248
.
Package marginnote Info: xpos seems to be 85.35826pt on input line 248.
Package marginnote Info: Margin note 1.13 is on absolute page 1 on input line 2
53.
Package marginnote Info: right page because not two side mode on input line 253
.
Package marginnote Info: xpos seems to be 85.35826pt on input line 253.
Package marginnote Info: Margin note 1.14 is on absolute page 1 on input line 2
67.
Package marginnote Info: right page because not two side mode on input line 267
.
Package marginnote Info: xpos seems to be 85.35826pt on input line 267.
Package marginnote Info: Margin note 1.15 is on absolute page 1 on input line 2
71.
Package marginnote Info: right page because not two side mode on input line 271
.
Package marginnote Info: xpos seems to be 85.35826pt on input line 271.
Package marginnote Info: Margin note 1.16 is on absolute page 1 on input line 2
75.
Package marginnote Info: right page because not two side mode on input line 275
.
Package marginnote Info: xpos seems to be 85.35826pt on input line 275.
Package marginnote Info: Margin note 1.17 is on absolute page 1 on input line 2
80.
Package marginnote Info: right page because not two side mode on input line 280
.
Package marginnote Info: xpos seems to be 85.35826pt on input line 280.
Package marginnote Info: Margin note 1.18 is on absolute page 1 on input line 2
83.
Package marginnote Info: right page because not two side mode on input line 283
.
Package marginnote Info: xpos seems to be 85.35826pt on input line 283.
Package marginnote Info: Margin note 1.19 is on absolute page 1 on input line 2
86.
Package marginnote Info: right page because not two side mode on input line 286
.
Package marginnote Info: xpos seems to be 85.35826pt on input line 286.
 [1

{/var/lib/texmf/fonts/map/pdftex/updmap/pdftex.map}]
Package marginnote Info: Margin note 2.1 is on absolute page 2 on input line 30
2.
Package marginnote Info: right page because not two side mode on input line 302
.
Package marginnote Info: xpos seems to be 85.35826pt on input line 302.
Package marginnote Info: Margin note 2.2 is on absolute page 2 on input line 30
4.
Package marginnote Info: right page because not two side mode on input line 304
.
Package marginnote Info: xpos seems to be 85.35826pt on input line 304.
Package marginnote Info: Margin note 2.3 is on absolute page 2 on input line 30
7.
Package marginnote Info: right page because not two side mode on input line 307
.
Package marginnote Info: xpos seems to be 85.35826pt on input line 307.
Package marginnote Info: Margin note 2.4 is on absolute page 2 on input line 31
1.
Package marginnote Info: right page because not two side mode on input line 311
.
Package marginnote Info: xpos seems to be 85.35826pt on input line 311.
Package marginnote Info: Margin note 2.5 is on absolute page 2 on input line 31
6.
Package marginnote Info: right page because not two side mode on input line 316
.
Package marginnote Info: xpos seems to be 85.35826pt on input line 316.
Package marginnote Info: Margin note 2.6 is on absolute page 2 on input line 32
2.
Package marginnote Info: right page because not two side mode on input line 322
.
Package marginnote Info: xpos seems to be 85.35826pt on input line 322.
Package marginnote Info: Margin note 2.7 is on absolute page 2 on input line 32
5.
Package marginnote Info: right page because not two side mode on input line 325
.
Package marginnote Info: xpos seems to be 85.35826pt on input line 325.
Package marginnote Info: Margin note 2.8 is on absolute page 2 on input line 33
7.
Package marginnote Info: right page because not two side mode on input line 337
.
Package marginnote Info: xpos seems to be 85.35826pt on input line 337.
Package marginnote Info: Margin note 2.9 is on absolute page 2 on input line 34
3.
Package marginnote Info: right page because not two side mode on input line 343
.
Package marginnote Info: xpos seems to be 85.35826pt on input line 343.
Package marginnote Info: Margin note 2.10 is on absolute page 2 on input line 3
45.
Package marginnote Info: right page because not two side mode on input line 345
.
Package marginnote Info: xpos seems to be 85.35826pt on input line 345.
Package marginnote Info: Margin note 2.11 is on absolute page 2 on input line 3
48.
Package marginnote Info: right page because not two side mode on input line 348
.
Package marginnote Info: xpos seems to be 85.35826pt on input line 348.
Package marginnote Info: Margin note 2.12 is on absolute page 2 on input line 3
56.
Package marginnote Info: right page because not two side mode on input line 356
.
Package marginnote Info: xpos seems to be 85.35826pt on input line 356.
Package marginnote Info: Margin note 2.13 is on absolute page 2 on input line 3
60.
Package marginnote Info: right page because not two side mode on input line 360
.
Package marginnote Info: xpos seems to be 85.35826pt on input line 360.
LaTeX Font Info:    Trying to load font information for OT1+jkpss on input line
 372.

(/usr/share/texlive/texmf-dist/tex/latex/kpfonts/ot1jkpss.fd
File: ot1jkpss.fd 2007/07/16 Fontinst v1.928 font definitions for OT1/jkpss.
)
LaTeX Font Info:    Font shape `OT1/jkpss/m/it' in size <10> not available
(Font)              Font shape `OT1/jkpss/m/sl' tried instead on input line 392
.
LaTeX Font Info:    Font shape `OT1/jkpss/b/it' in size <10> not available
(Font)              Font shape `OT1/jkpss/b/sl' tried instead on input line 392
.
 [2]
Package marginnote Info: Margin note 3.1 is on absolute page 3 on input line 41
0.
Package marginnote Info: right page because not two side mode on input line 410
.
Package marginnote Info: xpos seems to be 85.35826pt on input line 410.
Package marginnote Info: Margin note 3.2 is on absolute page 3 on input line 41
3.
Package marginnote Info: right page because not two side mode on input line 413
.
Package marginnote Info: xpos seems to be 85.35826pt on input line 413.
Package marginnote Info: Margin note 3.3 is on absolute page 3 on input line 41
7.
Package marginnote Info: right page because not two side mode on input line 417
.
Package marginnote Info: xpos seems to be 85.35826pt on input line 417.
Package marginnote Info: Margin note 3.4 is on absolute page 3 on input line 43
3.
Package marginnote Info: right page because not two side mode on input line 433
.
Package marginnote Info: xpos seems to be 85.35826pt on input line 433.
Package marginnote Info: Margin note 3.5 is on absolute page 3 on input line 45
3.
Package marginnote Info: right page because not two side mode on input line 453
.
Package marginnote Info: xpos seems to be 85.35826pt on input line 453.
Package marginnote Info: Margin note 3.6 is on absolute page 3 on input line 46
1.
Package marginnote Info: right page because not two side mode on input line 461
.
Package marginnote Info: xpos seems to be 85.35826pt on input line 461.
Package marginnote Info: Margin note 3.7 is on absolute page 3 on input line 47
7.
Package marginnote Info: right page because not two side mode on input line 477
.
Package marginnote Info: xpos seems to be 85.35826pt on input line 477.
Package marginnote Info: Margin note 3.8 is on absolute page 3 on input line 49
3.
Package marginnote Info: right page because not two side mode on input line 493
.
Package marginnote Info: xpos seems to be 85.35826pt on input line 493.
Package marginnote Info: Margin note 3.9 is on absolute page 3 on input line 51
2.
Package marginnote Info: right page because not two side mode on input line 512
.
Package marginnote Info: xpos seems to be 85.35826pt on input line 512.
Package marginnote Info: Margin note 3.10 is on absolute page 3 on input line 5
23.
Package marginnote Info: right page because not two side mode on input line 523
.
Package marginnote Info: xpos seems to be 85.35826pt on input line 523.
Package marginnote Info: Margin note 3.11 is on absolute page 3 on input line 5
28.
Package marginnote Info: right page because not two side mode on input line 528
.
Package marginnote Info: xpos seems to be 85.35826pt on input line 528.
Package marginnote Info: Margin note 3.12 is on absolute page 3 on input line 5
44.
Package marginnote Info: right page because not two side mode on input line 544
.
Package marginnote Info: xpos seems to be 85.35826pt on input line 544.
Package marginnote Info: Margin note 3.13 is on absolute page 3 on input line 5
51.
Package marginnote Info: right page because not two side mode on input line 551
.
Package marginnote Info: xpos seems to be 85.35826pt on input line 551.
 [3]
Package marginnote Info: Margin note 4.1 is on absolute page 4 on input line 57
6.
Package marginnote Info: right page because not two side mode on input line 576
.
Package marginnote Info: xpos seems to be 85.35826pt on input line 576.
Package marginnote Info: Margin note 4.2 is on absolute page 4 on input line 58
4.
Package marginnote Info: right page because not two side mode on input line 584
.
Package marginnote Info: xpos seems to be 85.35826pt on input line 584.
Package marginnote Info: Margin note 4.3 is on absolute page 4 on input line 60
0.
Package marginnote Info: right page because not two side mode on input line 600
.
Package marginnote Info: xpos seems to be 85.35826pt on input line 600.
Package marginnote Info: Margin note 4.4 is on absolute page 4 on input line 61
7.
Package marginnote Info: right page because not two side mode on input line 617
.
Package marginnote Info: xpos seems to be 85.35826pt on input line 617.
Package marginnote Info: Margin note 4.5 is on absolute page 4 on input line 62
8.
Package marginnote Info: right page because not two side mode on input line 628
.
Package marginnote Info: xpos seems to be 85.35826pt on input line 628.
Package marginnote Info: Margin note 4.6 is on absolute page 4 on input line 63
3.
Package marginnote Info: right page because not two side mode on input line 633
.
Package marginnote Info: xpos seems to be 85.35826pt on input line 633.
Package marginnote Info: Margin note 4.7 is on absolute page 4 on input line 69
0.
Package marginnote Info: right page because not two side mode on input line 690
.
Package marginnote Info: xpos seems to be 85.35826pt on input line 690.
Package marginnote Info: Margin note 4.8 is on absolute page 4 on input line 70
0.
Package marginnote Info: right page because not two side mode on input line 700
.
Package marginnote Info: xpos seems to be 85.35826pt on input line 700.
Package marginnote Info: Margin note 4.9 is on absolute page 4 on input line 72
3.
Package marginnote Info: right page because not two side mode on input line 723
.
Package marginnote Info: xpos seems to be 85.35826pt on input line 723.
Package marginnote Info: Margin note 4.10 is on absolute page 4 on input line 7
45.
Package marginnote Info: right page because not two side mode on input line 745
.
Package marginnote Info: xpos seems to be 85.35826pt on input line 745.
 [4]
Package marginnote Info: Margin note 5.1 is on absolute page 5 on input line 77
3.
Package marginnote Info: right page because not two side mode on input line 773
.
Package marginnote Info: xpos seems to be 85.35826pt on input line 773.
Package marginnote Info: Margin note 5.2 is on absolute page 5 on input line 78
2.
Package marginnote Info: right page because not two side mode on input line 782
.
Package marginnote Info: xpos seems to be 85.35826pt on input line 782.
Package marginnote Info: Margin note 5.3 is on absolute page 5 on input line 79
2.
Package marginnote Info: right page because not two side mode on input line 792
.
Package marginnote Info: xpos seems to be 85.35826pt on input line 792.
Package marginnote Info: Margin note 5.4 is on absolute page 5 on input line 80
8.
Package marginnote Info: right page because not two side mode on input line 808
.
Package marginnote Info: xpos seems to be 85.35826pt on input line 808.
Package marginnote Info: Margin note 5.5 is on absolute page 5 on input line 83
4.
Package marginnote Info: right page because not two side mode on input line 834
.
Package marginnote Info: xpos seems to be 85.35826pt on input line 834.
Package marginnote Info: Margin note 5.6 is on absolute page 5 on input line 84
8.
Package marginnote Info: right page because not two side mode on input line 848
.
Package marginnote Info: xpos seems to be 85.35826pt on input line 848.
Package marginnote Info: Margin note 5.7 is on absolute page 5 on input line 88
2.
Package marginnote Info: right page because not two side mode on input line 882
.
Package marginnote Info: xpos seems to be 85.35826pt on input line 882.
Package marginnote Info: Margin note 5.8 is on absolute page 5 on input line 90
3.
Package marginnote Info: right page because not two side mode on input line 903
.
Package marginnote Info: xpos seems to be 85.35826pt on input line 903.
Package marginnote Info: Margin note 5.9 is on absolute page 5 on input line 94
8.
Package marginnote Info: right page because not two side mode on input line 948
.
Package marginnote Info: xpos seems to be 85.35826pt on input line 948.
Package marginnote Info: Margin note 5.10 is on absolute page 5 on input line 9
56.
Package marginnote Info: right page because not two side mode on input line 956
.
Package marginnote Info: xpos seems to be 85.35826pt on input line 956.

[5] [6]
Package marginnote Info: Margin note 7.1 is on absolute page 7 on input line 96
3.
Package marginnote Info: right page because not two side mode on input line 963
.
Package marginnote Info: xpos seems to be 85.35826pt on input line 963.
Package marginnote Info: Margin note 7.2 is on absolute page 7 on input line 97
9.
Package marginnote Info: right page because not two side mode on input line 979
.
Package marginnote Info: xpos seems to be 85.35826pt on input line 979.
Package marginnote Info: Margin note 7.3 is on absolute page 7 on input line 98
5.
Package marginnote Info: right page because not two side mode on input line 985
.
Package marginnote Info: xpos seems to be 85.35826pt on input line 985.
Package marginnote Info: Margin note 7.4 is on absolute page 7 on input line 98
9.
Package marginnote Info: right page because not two side mode on input line 989
.
Package marginnote Info: xpos seems to be 85.35826pt on input line 989.
Package marginnote Info: Margin note 7.5 is on absolute page 7 on input line 99
6.
Package marginnote Info: right page because not two side mode on input line 996
.
Package marginnote Info: xpos seems to be 85.35826pt on input line 996.
Package marginnote Info: Margin note 7.6 is on absolute page 7 on input line 10
23.
Package marginnote Info: right page because not two side mode on input line 102
3.
Package marginnote Info: xpos seems to be 85.35826pt on input line 1023.
Package marginnote Info: Margin note 7.7 is on absolute page 7 on input line 10
45.
Package marginnote Info: right page because not two side mode on input line 104
5.
Package marginnote Info: xpos seems to be 85.35826pt on input line 1045.
Package marginnote Info: Margin note 7.8 is on absolute page 7 on input line 10
62.
Package marginnote Info: right page because not two side mode on input line 106
2.
Package marginnote Info: xpos seems to be 85.35826pt on input line 1062.
Package marginnote Info: Margin note 7.9 is on absolute page 7 on input line 10
85.
Package marginnote Info: right page because not two side mode on input line 108
5.
Package marginnote Info: xpos seems to be 85.35826pt on input line 1085.
Package marginnote Info: Margin note 7.10 is on absolute page 7 on input line 1
092.
Package marginnote Info: right page because not two side mode on input line 109
2.
Package marginnote Info: xpos seems to be 85.35826pt on input line 1092.
 [7]
Package marginnote Info: Margin note 8.1 is on absolute page 8 on input line 11
37.
Package marginnote Info: right page because not two side mode on input line 113
7.
Package marginnote Info: xpos seems to be 85.35826pt on input line 1137.
Package marginnote Info: Margin note 8.2 is on absolute page 8 on input line 11
53.
Package marginnote Info: right page because not two side mode on input line 115
3.
Package marginnote Info: xpos seems to be 85.35826pt on input line 1153.

Underfull \hbox (badness 1048) in paragraph at lines 1214--1215
[]\OT1/jkp/m/it/10 Reducing sets to modal-i-ties\OT1/jkp/m/n/10 , 31st In-ter-n
a-tional [] Sym-po-sium of the Aus-trian Lud-wig
 []

Package marginnote Info: Margin note 8.3 is on absolute page 8 on input line 12
54.
Package marginnote Info: right page because not two side mode on input line 125
4.
Package marginnote Info: xpos seems to be 85.35826pt on input line 1254.
[8] (./urbaniakCVacademic.aux) ) 
Here is how much of TeX's memory you used:
 4037 strings out of 481239
 53130 string characters out of 5920378
 287343 words of memory out of 5000000
 19254 multiletter control sequences out of 15000+600000
 565647 words of font info for 88 fonts, out of 8000000 for 9000
 1141 hyphenation exceptions out of 8191
 38i,7n,29p,844b,262s stack positions out of 5000i,500n,10000p,200000b,80000s
{/usr/share/texlive/texmf-dist/fonts/enc/dvips/
kpfonts/kpfonts-expert.enc}{/usr/share/texlive/texmf-dist/fonts/enc/dvips/base/
8r.enc}</usr/share/texlive/texmf-dist/fonts/type1/public/kpfonts/jkpbn8a.pfb></
usr/share/texlive/texmf-dist/fonts/type1/public/kpfonts/jkpbsc8a.pfb></usr/shar
e/texlive/texmf-dist/fonts/type1/public/kpfonts/jkpmit8a.pfb></usr/share/texliv
e/texmf-dist/fonts/type1/public/kpfonts/jkpmite.pfb></usr/share/texlive/texmf-d
ist/fonts/type1/public/kpfonts/jkpmn8a.pfb></usr/share/texlive/texmf-dist/fonts
/type1/public/kpfonts/jkpmne.pfb></usr/share/texlive/texmf-dist/fonts/type1/pub
lic/kpfonts/jkpssbn8a.pfb></usr/share/texlive/texmf-dist/fonts/type1/public/kpf
onts/jkpssbn8a.pfb></usr/share/texlive/texmf-dist/fonts/type1/public/kpfonts/jk
pssmn8a.pfb></usr/share/texlive/texmf-dist/fonts/type1/public/kpfonts/jkpsy.pfb
></usr/share/texlive/texmf-dist/fonts/type1/public/kpfonts/jkpttmn8a.pfb>
Output written on urbaniakCVacademic.pdf (8 pages, 116111 bytes).
PDF statistics:
 77 PDF objects out of 1000 (max. 8388607)
 55 compressed objects within 1 object stream
 0 named destinations out of 1000 (max. 500000)
 1 words of extra memory for PDF output out of 10000 (max. 10000000)

